D, [2017-03-11T03:47:50.134281 #16225] DEBUG -- :   [1m[36mBleater::User Load (0.3ms)[0m  [1m[34mSELECT  "users".* FROM "users" WHERE "users"."username" = ? LIMIT ?[0m  [["username", "kevell"], ["LIMIT", 1]]
D, [2017-03-11T03:47:50.155651 #16225] DEBUG -- :   [1m[36mBleater::Bleat Load (0.2ms)[0m  [1m[34mSELECT "bleats".* FROM "bleats" INNER JOIN "bleats_users" ON "bleats"."bleat_id" = "bleats_users"."bleat_id" WHERE "bleats_users"."user_id" = ?[0m  [["user_id", 1]]
D, [2017-03-11T03:47:50.161984 #16225] DEBUG -- :   [1m[36mBleater::User Load (0.1ms)[0m  [1m[34mSELECT  "users".* FROM "users" WHERE "users"."username" = ? LIMIT ?[0m  [["username", "rolell"], ["LIMIT", 1]]
D, [2017-03-11T03:47:50.163772 #16225] DEBUG -- :   [1m[36mBleater::Bleat Load (0.1ms)[0m  [1m[34mSELECT "bleats".* FROM "bleats" INNER JOIN "bleats_users" ON "bleats"."bleat_id" = "bleats_users"."bleat_id" WHERE "bleats_users"."user_id" = ?[0m  [["user_id", 2]]
D, [2017-03-11T03:49:17.623149 #16225] DEBUG -- :   [1m[36mBleater::User Load (0.5ms)[0m  [1m[34mSELECT  "users".* FROM "users" WHERE "users"."username" = ? AND "users"."password" = ? LIMIT ?[0m  [["username", "kevell"], ["password", "Silent!123"], ["LIMIT", 1]]
D, [2017-03-11T03:49:17.624284 #16225] DEBUG -- :   [1m[36mBleater::User Load (0.2ms)[0m  [1m[34mSELECT  "users".* FROM "users" WHERE "users"."username" = ? LIMIT ?[0m  [["username", "kevell"], ["LIMIT", 1]]
D, [2017-03-11T03:49:17.628098 #16225] DEBUG -- :   [1m[36mBleater::Bleat Load (0.2ms)[0m  [1m[34mSELECT "bleats".* FROM "bleats" INNER JOIN "bleats_users" ON "bleats"."bleat_id" = "bleats_users"."bleat_id" WHERE "bleats_users"."user_id" = ?[0m  [["user_id", 1]]
D, [2017-03-11T03:49:17.629687 #16225] DEBUG -- :   [1m[36mBleater::User Load (0.2ms)[0m  [1m[34mSELECT  "users".* FROM "users" WHERE "users"."username" = ? LIMIT ?[0m  [["username", "rolell"], ["LIMIT", 1]]
D, [2017-03-11T03:49:17.633205 #16225] DEBUG -- :   [1m[36mBleater::Bleat Load (0.2ms)[0m  [1m[34mSELECT "bleats".* FROM "bleats" INNER JOIN "bleats_users" ON "bleats"."bleat_id" = "bleats_users"."bleat_id" WHERE "bleats_users"."user_id" = ?[0m  [["user_id", 2]]
D, [2017-03-11T03:49:17.635905 #16225] DEBUG -- :   [1m[35m (0.5ms)[0m  [1m[34mSELECT COUNT(*) FROM "bleats" WHERE "bleats"."user_id" = ?[0m  [["user_id", 1]]
D, [2017-03-11T03:49:26.471165 #16225] DEBUG -- :   [1m[36mBleater::Bleat Load (0.4ms)[0m  [1m[34mSELECT "bleats".* FROM "bleats"[0m
D, [2017-03-11T03:49:26.483310 #16225] DEBUG -- :   [1m[36mBleater::User Load (0.7ms)[0m  [1m[34mSELECT "users".* FROM "users" INNER JOIN "bleats_users" ON "users"."user_id" = "bleats_users"."user_id" WHERE "bleats_users"."bleat_id" = ?[0m  [["bleat_id", 1]]
D, [2017-03-11T03:49:26.487414 #16225] DEBUG -- :   [1m[36mBleater::User Load (0.3ms)[0m  [1m[34mSELECT "users".* FROM "users" INNER JOIN "bleats_users" ON "users"."user_id" = "bleats_users"."user_id" WHERE "bleats_users"."bleat_id" = ?[0m  [["bleat_id", 2]]
D, [2017-03-11T03:49:26.491004 #16225] DEBUG -- :   [1m[36mBleater::User Load (0.2ms)[0m  [1m[34mSELECT "users".* FROM "users" INNER JOIN "bleats_users" ON "users"."user_id" = "bleats_users"."user_id" WHERE "bleats_users"."bleat_id" = ?[0m  [["bleat_id", 3]]
D, [2017-03-11T03:49:26.491863 #16225] DEBUG -- :   [1m[36mBleater::User Load (0.1ms)[0m  [1m[34mSELECT  "users".* FROM "users" WHERE "users"."username" = ? LIMIT ?[0m  [["username", "kevell"], ["LIMIT", 1]]
D, [2017-03-11T03:49:26.494889 #16225] DEBUG -- :   [1m[36mBleater::Bleat Load (0.2ms)[0m  [1m[34mSELECT "bleats".* FROM "bleats" INNER JOIN "bleats_users" ON "bleats"."bleat_id" = "bleats_users"."bleat_id" WHERE "bleats_users"."user_id" = ?[0m  [["user_id", 1]]
D, [2017-03-11T03:49:26.496119 #16225] DEBUG -- :   [1m[36mBleater::User Load (0.1ms)[0m  [1m[34mSELECT  "users".* FROM "users" WHERE "users"."username" = ? LIMIT ?[0m  [["username", "rolell"], ["LIMIT", 1]]
D, [2017-03-11T03:49:26.499643 #16225] DEBUG -- :   [1m[36mBleater::Bleat Load (0.2ms)[0m  [1m[34mSELECT "bleats".* FROM "bleats" INNER JOIN "bleats_users" ON "bleats"."bleat_id" = "bleats_users"."bleat_id" WHERE "bleats_users"."user_id" = ?[0m  [["user_id", 2]]
D, [2017-03-11T03:49:26.502112 #16225] DEBUG -- :   [1m[35m (0.4ms)[0m  [1m[34mSELECT COUNT(*) FROM "bleats" WHERE "bleats"."user_id" = ?[0m  [["user_id", 1]]
D, [2017-03-11T03:50:05.296670 #16225] DEBUG -- :   [1m[36mBleater::User Exists (0.4ms)[0m  [1m[34mSELECT  1 AS one FROM "users" WHERE "users"."username" = ? LIMIT ?[0m  [["username", "rolell"], ["LIMIT", 1]]
D, [2017-03-11T03:50:05.299956 #16225] DEBUG -- :   [1m[36mBleater::User Load (0.3ms)[0m  [1m[34mSELECT  "users".* FROM "users" WHERE "users"."username" = ? LIMIT ?[0m  [["username", "rolell"], ["LIMIT", 1]]
D, [2017-03-11T03:50:05.318749 #16225] DEBUG -- :   [1m[35m (0.2ms)[0m  [1m[36mbegin transaction[0m
D, [2017-03-11T03:50:05.323283 #16225] DEBUG -- :   [1m[35mSQL (0.6ms)[0m  [1m[32mINSERT INTO "bleats" ("user_id", "message", "bleated_at") VALUES (?, ?, ?)[0m  [["user_id", 1], ["message", "my brother @rolell will be pleased"], ["bleated_at", "2017-03-11T03:50:05+02:00"]]
D, [2017-03-11T03:50:05.325590 #16225] DEBUG -- :   [1m[35mSQL (0.2ms)[0m  [1m[32mINSERT INTO "bleats_users" ("user_id", "bleat_id") VALUES (?, ?)[0m  [["user_id", 2], ["bleat_id", 4]]
D, [2017-03-11T03:50:05.336545 #16225] DEBUG -- :   [1m[35mSQL (0.1ms)[0m  [1m[32mINSERT INTO "bleats_users" ("user_id", "bleat_id") VALUES (?, ?)[0m  [["user_id", 1], ["bleat_id", 4]]
D, [2017-03-11T03:50:05.353703 #16225] DEBUG -- :   [1m[35m (16.8ms)[0m  [1m[36mcommit transaction[0m
D, [2017-03-11T03:50:05.354079 #16225] DEBUG -- :   [1m[35m (0.1ms)[0m  [1m[36mbegin transaction[0m
D, [2017-03-11T03:50:05.354841 #16225] DEBUG -- :   [1m[35m (0.1ms)[0m  [1m[36mcommit transaction[0m
D, [2017-03-11T03:50:05.355251 #16225] DEBUG -- :   [1m[36mBleater::User Load (0.1ms)[0m  [1m[34mSELECT  "users".* FROM "users" WHERE "users"."username" = ? LIMIT ?[0m  [["username", "kevell"], ["LIMIT", 1]]
D, [2017-03-11T03:50:05.357154 #16225] DEBUG -- :   [1m[36mBleater::Bleat Load (0.1ms)[0m  [1m[34mSELECT "bleats".* FROM "bleats" INNER JOIN "bleats_users" ON "bleats"."bleat_id" = "bleats_users"."bleat_id" WHERE "bleats_users"."user_id" = ?[0m  [["user_id", 1]]
D, [2017-03-11T03:50:05.358269 #16225] DEBUG -- :   [1m[36mBleater::User Load (0.1ms)[0m  [1m[34mSELECT  "users".* FROM "users" WHERE "users"."username" = ? LIMIT ?[0m  [["username", "rolell"], ["LIMIT", 1]]
D, [2017-03-11T03:50:05.360470 #16225] DEBUG -- :   [1m[36mBleater::Bleat Load (0.1ms)[0m  [1m[34mSELECT "bleats".* FROM "bleats" INNER JOIN "bleats_users" ON "bleats"."bleat_id" = "bleats_users"."bleat_id" WHERE "bleats_users"."user_id" = ?[0m  [["user_id", 2]]
D, [2017-03-11T03:50:05.361922 #16225] DEBUG -- :   [1m[35m (0.3ms)[0m  [1m[34mSELECT COUNT(*) FROM "bleats" WHERE "bleats"."user_id" = ?[0m  [["user_id", 1]]
D, [2017-03-11T03:50:16.232920 #16225] DEBUG -- :   [1m[36mBleater::Bleat Load (0.3ms)[0m  [1m[34mSELECT "bleats".* FROM "bleats"[0m
D, [2017-03-11T03:50:16.237155 #16225] DEBUG -- :   [1m[36mBleater::User Load (0.2ms)[0m  [1m[34mSELECT "users".* FROM "users" INNER JOIN "bleats_users" ON "users"."user_id" = "bleats_users"."user_id" WHERE "bleats_users"."bleat_id" = ?[0m  [["bleat_id", 1]]
D, [2017-03-11T03:50:16.240861 #16225] DEBUG -- :   [1m[36mBleater::User Load (0.2ms)[0m  [1m[34mSELECT "users".* FROM "users" INNER JOIN "bleats_users" ON "users"."user_id" = "bleats_users"."user_id" WHERE "bleats_users"."bleat_id" = ?[0m  [["bleat_id", 2]]
D, [2017-03-11T03:50:16.244579 #16225] DEBUG -- :   [1m[36mBleater::User Load (0.2ms)[0m  [1m[34mSELECT "users".* FROM "users" INNER JOIN "bleats_users" ON "users"."user_id" = "bleats_users"."user_id" WHERE "bleats_users"."bleat_id" = ?[0m  [["bleat_id", 3]]
D, [2017-03-11T03:50:16.249291 #16225] DEBUG -- :   [1m[36mBleater::User Load (0.4ms)[0m  [1m[34mSELECT "users".* FROM "users" INNER JOIN "bleats_users" ON "users"."user_id" = "bleats_users"."user_id" WHERE "bleats_users"."bleat_id" = ?[0m  [["bleat_id", 4]]
D, [2017-03-11T03:50:16.251329 #16225] DEBUG -- :   [1m[36mBleater::User Load (0.3ms)[0m  [1m[34mSELECT  "users".* FROM "users" WHERE "users"."username" = ? LIMIT ?[0m  [["username", "kevell"], ["LIMIT", 1]]
D, [2017-03-11T03:50:16.255054 #16225] DEBUG -- :   [1m[36mBleater::Bleat Load (0.2ms)[0m  [1m[34mSELECT "bleats".* FROM "bleats" INNER JOIN "bleats_users" ON "bleats"."bleat_id" = "bleats_users"."bleat_id" WHERE "bleats_users"."user_id" = ?[0m  [["user_id", 1]]
D, [2017-03-11T03:50:16.256594 #16225] DEBUG -- :   [1m[36mBleater::User Load (0.1ms)[0m  [1m[34mSELECT  "users".* FROM "users" WHERE "users"."username" = ? LIMIT ?[0m  [["username", "rolell"], ["LIMIT", 1]]
D, [2017-03-11T03:50:16.259405 #16225] DEBUG -- :   [1m[36mBleater::Bleat Load (0.1ms)[0m  [1m[34mSELECT "bleats".* FROM "bleats" INNER JOIN "bleats_users" ON "bleats"."bleat_id" = "bleats_users"."bleat_id" WHERE "bleats_users"."user_id" = ?[0m  [["user_id", 2]]
D, [2017-03-11T03:50:16.261310 #16225] DEBUG -- :   [1m[35m (0.4ms)[0m  [1m[34mSELECT COUNT(*) FROM "bleats" WHERE "bleats"."user_id" = ?[0m  [["user_id", 1]]
D, [2017-03-11T03:50:58.737837 #16225] DEBUG -- :   [1m[36mBleater::User Load (0.5ms)[0m  [1m[34mSELECT  "users".* FROM "users" WHERE "users"."username" = ? AND "users"."password" = ? LIMIT ?[0m  [["username", "rolell"], ["password", "Silent!123"], ["LIMIT", 1]]
D, [2017-03-11T03:50:58.739163 #16225] DEBUG -- :   [1m[36mBleater::User Load (0.3ms)[0m  [1m[34mSELECT  "users".* FROM "users" WHERE "users"."username" = ? LIMIT ?[0m  [["username", "kevell"], ["LIMIT", 1]]
D, [2017-03-11T03:50:58.743271 #16225] DEBUG -- :   [1m[36mBleater::Bleat Load (0.4ms)[0m  [1m[34mSELECT "bleats".* FROM "bleats" INNER JOIN "bleats_users" ON "bleats"."bleat_id" = "bleats_users"."bleat_id" WHERE "bleats_users"."user_id" = ?[0m  [["user_id", 1]]
D, [2017-03-11T03:50:58.745191 #16225] DEBUG -- :   [1m[36mBleater::User Load (0.3ms)[0m  [1m[34mSELECT  "users".* FROM "users" WHERE "users"."username" = ? LIMIT ?[0m  [["username", "rolell"], ["LIMIT", 1]]
D, [2017-03-11T03:50:58.749000 #16225] DEBUG -- :   [1m[36mBleater::Bleat Load (0.4ms)[0m  [1m[34mSELECT "bleats".* FROM "bleats" INNER JOIN "bleats_users" ON "bleats"."bleat_id" = "bleats_users"."bleat_id" WHERE "bleats_users"."user_id" = ?[0m  [["user_id", 2]]
D, [2017-03-11T03:50:58.751336 #16225] DEBUG -- :   [1m[35m (0.4ms)[0m  [1m[34mSELECT COUNT(*) FROM "bleats" WHERE "bleats"."user_id" = ?[0m  [["user_id", 2]]
D, [2017-03-11T03:51:02.888541 #16225] DEBUG -- :   [1m[36mBleater::Bleat Load (0.4ms)[0m  [1m[34mSELECT "bleats".* FROM "bleats"[0m
D, [2017-03-11T03:51:02.892813 #16225] DEBUG -- :   [1m[36mBleater::User Load (0.2ms)[0m  [1m[34mSELECT "users".* FROM "users" INNER JOIN "bleats_users" ON "users"."user_id" = "bleats_users"."user_id" WHERE "bleats_users"."bleat_id" = ?[0m  [["bleat_id", 1]]
D, [2017-03-11T03:51:02.896521 #16225] DEBUG -- :   [1m[36mBleater::User Load (0.2ms)[0m  [1m[34mSELECT "users".* FROM "users" INNER JOIN "bleats_users" ON "users"."user_id" = "bleats_users"."user_id" WHERE "bleats_users"."bleat_id" = ?[0m  [["bleat_id", 2]]
D, [2017-03-11T03:51:02.900214 #16225] DEBUG -- :   [1m[36mBleater::User Load (0.2ms)[0m  [1m[34mSELECT "users".* FROM "users" INNER JOIN "bleats_users" ON "users"."user_id" = "bleats_users"."user_id" WHERE "bleats_users"."bleat_id" = ?[0m  [["bleat_id", 3]]
D, [2017-03-11T03:51:02.904706 #16225] DEBUG -- :   [1m[36mBleater::User Load (0.3ms)[0m  [1m[34mSELECT "users".* FROM "users" INNER JOIN "bleats_users" ON "users"."user_id" = "bleats_users"."user_id" WHERE "bleats_users"."bleat_id" = ?[0m  [["bleat_id", 4]]
D, [2017-03-11T03:51:02.905925 #16225] DEBUG -- :   [1m[36mBleater::User Load (0.2ms)[0m  [1m[34mSELECT  "users".* FROM "users" WHERE "users"."username" = ? LIMIT ?[0m  [["username", "kevell"], ["LIMIT", 1]]
D, [2017-03-11T03:51:02.909430 #16225] DEBUG -- :   [1m[36mBleater::Bleat Load (0.2ms)[0m  [1m[34mSELECT "bleats".* FROM "bleats" INNER JOIN "bleats_users" ON "bleats"."bleat_id" = "bleats_users"."bleat_id" WHERE "bleats_users"."user_id" = ?[0m  [["user_id", 1]]
D, [2017-03-11T03:51:02.911137 #16225] DEBUG -- :   [1m[36mBleater::User Load (0.2ms)[0m  [1m[34mSELECT  "users".* FROM "users" WHERE "users"."username" = ? LIMIT ?[0m  [["username", "rolell"], ["LIMIT", 1]]
D, [2017-03-11T03:51:02.915893 #16225] DEBUG -- :   [1m[36mBleater::Bleat Load (0.2ms)[0m  [1m[34mSELECT "bleats".* FROM "bleats" INNER JOIN "bleats_users" ON "bleats"."bleat_id" = "bleats_users"."bleat_id" WHERE "bleats_users"."user_id" = ?[0m  [["user_id", 2]]
D, [2017-03-11T03:51:02.918332 #16225] DEBUG -- :   [1m[35m (0.3ms)[0m  [1m[34mSELECT COUNT(*) FROM "bleats" WHERE "bleats"."user_id" = ?[0m  [["user_id", 2]]
